2026-07-09 19:11:31,006:WARNING:
'cuml' is a soft dependency and not included in the pycaret installation. Please run: `pip install cuml` to install.
2026-07-09 19:11:31,006:WARNING:
'cuml' is a soft dependency and not included in the pycaret installation. Please run: `pip install cuml` to install.
2026-07-09 19:11:31,006:WARNING:
'cuml' is a soft dependency and not included in the pycaret installation. Please run: `pip install cuml` to install.
2026-07-09 19:11:31,006:WARNING:
'cuml' is a soft dependency and not included in the pycaret installation. Please run: `pip install cuml` to install.
2026-07-09 19:11:37,480:INFO:PyCaret ClassificationExperiment
2026-07-09 19:11:37,480:INFO:Logging name: clf-default-name
2026-07-09 19:11:37,480:INFO:ML Usecase: MLUsecase.CLASSIFICATION
2026-07-09 19:11:37,480:INFO:version 3.3.2
2026-07-09 19:11:37,480:INFO:Initializing setup()
2026-07-09 19:11:37,480:INFO:self.USI: 4151
2026-07-09 19:11:37,480:INFO:self._variable_keys: {'idx', 'fold_shuffle_param', 'fold_groups_param', 'X_test', 'fold_generator', '_available_plots', 'y_train', 'gpu_param', 'exp_name_log', 'target_param', 'fix_imbalance', 'USI', 'X_train', 'memory', 'n_jobs_param', 'gpu_n_jobs_param', 'logging_param', 'exp_id', 'y_test', 'log_plots_param', 'y', 'pipeline', 'is_multiclass', '_ml_usecase', 'seed', 'data', 'html_param', 'X'}
2026-07-09 19:11:37,480:INFO:Checking environment
2026-07-09 19:11:37,480:INFO:python_version: 3.9.6
2026-07-09 19:11:37,480:INFO:python_build: ('default', 'Nov 11 2024 03:15:38')
2026-07-09 19:11:37,480:INFO:machine: arm64
2026-07-09 19:11:37,517:INFO:platform: macOS-14.6-arm64-arm-64bit
2026-07-09 19:11:37,517:INFO:Memory: svmem(total=8589934592, available=1371242496, percent=84.0, used=3116269568, free=29212672, active=1357824000, inactive=1314111488, wired=1758445568)
2026-07-09 19:11:37,517:INFO:Physical Core: 8
2026-07-09 19:11:37,517:INFO:Logical Core: 8
2026-07-09 19:11:37,518:INFO:Checking libraries
2026-07-09 19:11:37,518:INFO:System:
2026-07-09 19:11:37,518:INFO:    python: 3.9.6 (default, Nov 11 2024, 03:15:38)  [Clang 16.0.0 (clang-1600.0.26.6)]
2026-07-09 19:11:37,518:INFO:executable: /Users/riannachaudhuri/Downloads/pd-platform/venv/bin/python
2026-07-09 19:11:37,518:INFO:   machine: macOS-14.6-arm64-arm-64bit
2026-07-09 19:11:37,518:INFO:PyCaret required dependencies:
2026-07-09 23:19:49,534:WARNING:
'cuml' is a soft dependency and not included in the pycaret installation. Please run: `pip install cuml` to install.
2026-07-09 23:19:49,534:WARNING:
'cuml' is a soft dependency and not included in the pycaret installation. Please run: `pip install cuml` to install.
2026-07-09 23:19:49,534:WARNING:
'cuml' is a soft dependency and not included in the pycaret installation. Please run: `pip install cuml` to install.
2026-07-09 23:19:49,534:WARNING:
'cuml' is a soft dependency and not included in the pycaret installation. Please run: `pip install cuml` to install.
2026-07-09 23:19:50,602:INFO:PyCaret ClassificationExperiment
2026-07-09 23:19:50,602:INFO:Logging name: clf-default-name
2026-07-09 23:19:50,602:INFO:ML Usecase: MLUsecase.CLASSIFICATION
2026-07-09 23:19:50,602:INFO:version 3.3.2
2026-07-09 23:19:50,602:INFO:Initializing setup()
2026-07-09 23:19:50,602:INFO:self.USI: 3437
2026-07-09 23:19:50,602:INFO:self._variable_keys: {'y_test', '_available_plots', 'fold_generator', 'gpu_param', 'X', '_ml_usecase', 'exp_name_log', 'y_train', 'n_jobs_param', 'X_test', 'is_multiclass', 'logging_param', 'seed', 'fold_shuffle_param', 'gpu_n_jobs_param', 'target_param', 'fix_imbalance', 'memory', 'exp_id', 'X_train', 'log_plots_param', 'fold_groups_param', 'idx', 'pipeline', 'html_param', 'y', 'data', 'USI'}
2026-07-09 23:19:50,602:INFO:Checking environment
2026-07-09 23:19:50,602:INFO:python_version: 3.9.6
2026-07-09 23:19:50,602:INFO:python_build: ('default', 'Nov 11 2024 03:15:38')
2026-07-09 23:19:50,602:INFO:machine: arm64
2026-07-09 23:19:50,628:INFO:platform: macOS-14.6-arm64-arm-64bit
2026-07-09 23:19:50,628:INFO:Memory: svmem(total=8589934592, available=1254211584, percent=85.4, used=3042541568, free=45170688, active=1218183168, inactive=1122451456, wired=1824358400)
2026-07-09 23:19:50,629:INFO:Physical Core: 8
2026-07-09 23:19:50,629:INFO:Logical Core: 8
2026-07-09 23:19:50,629:INFO:Checking libraries
2026-07-09 23:19:50,629:INFO:System:
2026-07-09 23:19:50,629:INFO:    python: 3.9.6 (default, Nov 11 2024, 03:15:38)  [Clang 16.0.0 (clang-1600.0.26.6)]
2026-07-09 23:19:50,629:INFO:executable: /Users/riannachaudhuri/Downloads/pd-platform/venv/bin/python
2026-07-09 23:19:50,629:INFO:   machine: macOS-14.6-arm64-arm-64bit
2026-07-09 23:19:50,629:INFO:PyCaret required dependencies:
2026-07-09 23:19:51,819:INFO:                 pip: 26.0.1
2026-07-09 23:19:51,819:INFO:          setuptools: 58.0.4
2026-07-09 23:19:51,819:INFO:             pycaret: 3.3.2
2026-07-09 23:19:51,819:INFO:             IPython: 8.18.1
2026-07-09 23:19:51,819:INFO:          ipywidgets: 8.1.8
2026-07-09 23:19:51,819:INFO:                tqdm: 4.68.4
2026-07-09 23:19:51,819:INFO:               numpy: 1.26.4
2026-07-09 23:19:51,819:INFO:              pandas: 2.1.4
2026-07-09 23:19:51,819:INFO:              jinja2: 3.1.6
2026-07-09 23:19:51,819:INFO:               scipy: 1.11.4
2026-07-09 23:19:51,819:INFO:              joblib: 1.3.2
2026-07-09 23:19:51,819:INFO:             sklearn: 1.4.2
2026-07-09 23:19:51,819:INFO:                pyod: 3.4.0
2026-07-09 23:19:51,819:INFO:            imblearn: 0.12.4
2026-07-09 23:19:51,819:INFO:   category_encoders: 2.6.4
2026-07-09 23:19:51,819:INFO:            lightgbm: 4.6.0
2026-07-09 23:19:51,819:INFO:               numba: 0.60.0
2026-07-09 23:19:51,819:INFO:            requests: 2.32.5
2026-07-09 23:19:51,819:INFO:          matplotlib: 3.7.5
2026-07-09 23:19:51,819:INFO:          scikitplot: 0.3.7
2026-07-09 23:19:51,819:INFO:         yellowbrick: 1.5
2026-07-09 23:19:51,819:INFO:              plotly: 6.8.0
2026-07-09 23:19:51,819:INFO:    plotly-resampler: Not installed
2026-07-09 23:19:51,819:INFO:             kaleido: 1.3.0
2026-07-09 23:19:51,819:INFO:           schemdraw: 0.15
2026-07-09 23:19:51,819:INFO:         statsmodels: 0.14.6
2026-07-09 23:19:51,819:INFO:              sktime: 0.26.0
2026-07-09 23:19:51,819:INFO:               tbats: 1.1.3
2026-07-09 23:19:51,819:INFO:            pmdarima: 2.0.4
2026-07-09 23:19:51,819:INFO:              psutil: 7.2.2
2026-07-09 23:19:51,819:INFO:          markupsafe: 3.0.3
2026-07-09 23:19:51,819:INFO:             pickle5: Not installed
2026-07-09 23:19:51,819:INFO:         cloudpickle: 3.1.2
2026-07-09 23:19:51,819:INFO:         deprecation: 2.1.0
2026-07-09 23:19:51,819:INFO:              xxhash: 3.8.1
2026-07-09 23:19:51,819:INFO:           wurlitzer: 3.1.1
2026-07-09 23:19:51,819:INFO:PyCaret optional dependencies:
2026-07-09 23:19:51,826:INFO:                shap: Not installed
2026-07-09 23:19:51,826:INFO:           interpret: Not installed
2026-07-09 23:19:51,826:INFO:                umap: Not installed
2026-07-09 23:19:51,826:INFO:     ydata_profiling: Not installed
2026-07-09 23:19:51,826:INFO:  explainerdashboard: Not installed
2026-07-09 23:19:51,826:INFO:             autoviz: Not installed
2026-07-09 23:19:51,826:INFO:           fairlearn: Not installed
2026-07-09 23:19:51,826:INFO:          deepchecks: Not installed
2026-07-09 23:19:51,826:INFO:             xgboost: Not installed
2026-07-09 23:19:51,826:INFO:            catboost: Not installed
2026-07-09 23:19:51,826:INFO:              kmodes: Not installed
2026-07-09 23:19:51,826:INFO:             mlxtend: Not installed
2026-07-09 23:19:51,826:INFO:       statsforecast: Not installed
2026-07-09 23:19:51,826:INFO:        tune_sklearn: Not installed
2026-07-09 23:19:51,826:INFO:                 ray: Not installed
2026-07-09 23:19:51,826:INFO:            hyperopt: Not installed
2026-07-09 23:19:51,826:INFO:              optuna: Not installed
2026-07-09 23:19:51,826:INFO:               skopt: Not installed
2026-07-09 23:19:51,826:INFO:              mlflow: Not installed
2026-07-09 23:19:51,826:INFO:              gradio: Not installed
2026-07-09 23:19:51,827:INFO:             fastapi: Not installed
2026-07-09 23:19:51,827:INFO:             uvicorn: Not installed
2026-07-09 23:19:51,827:INFO:              m2cgen: Not installed
2026-07-09 23:19:51,827:INFO:           evidently: Not installed
2026-07-09 23:19:51,827:INFO:               fugue: Not installed
2026-07-09 23:19:51,827:INFO:           streamlit: Not installed
2026-07-09 23:19:51,827:INFO:             prophet: Not installed
2026-07-09 23:19:51,827:INFO:None
2026-07-09 23:19:51,827:INFO:Set up data.
2026-07-09 23:19:51,833:INFO:Set up folding strategy.
2026-07-09 23:19:51,833:INFO:Set up train/test split.
2026-07-09 23:19:51,837:INFO:Set up index.
2026-07-09 23:19:51,837:INFO:Assigning column types.
2026-07-09 23:19:51,841:INFO:Engine successfully changes for model 'lr' to 'sklearn'.
2026-07-09 23:19:51,861:INFO:Engine for model 'knn' has not been set explicitly, hence returning None.
2026-07-09 23:19:51,863:INFO:Engine for model 'rbfsvm' has not been set explicitly, hence returning None.
2026-07-09 23:19:51,877:WARNING:
'xgboost' is a soft dependency and not included in the pycaret installation. Please run: `pip install xgboost` to install.
Alternately, you can install this by running `pip install pycaret[models]`
2026-07-09 23:19:51,878:WARNING:
'catboost' is a soft dependency and not included in the pycaret installation. Please run: `pip install catboost` to install.
Alternately, you can install this by running `pip install pycaret[models]`
2026-07-09 23:19:51,897:INFO:Engine for model 'knn' has not been set explicitly, hence returning None.
2026-07-09 23:19:51,898:INFO:Engine for model 'rbfsvm' has not been set explicitly, hence returning None.
2026-07-09 23:19:51,910:WARNING:
'xgboost' is a soft dependency and not included in the pycaret installation. Please run: `pip install xgboost` to install.
Alternately, you can install this by running `pip install pycaret[models]`
2026-07-09 23:19:51,910:WARNING:
'catboost' is a soft dependency and not included in the pycaret installation. Please run: `pip install catboost` to install.
Alternately, you can install this by running `pip install pycaret[models]`
2026-07-09 23:19:51,910:INFO:Engine successfully changes for model 'knn' to 'sklearn'.
2026-07-09 23:19:51,929:INFO:Engine for model 'rbfsvm' has not been set explicitly, hence returning None.
2026-07-09 23:19:51,941:WARNING:
'xgboost' is a soft dependency and not included in the pycaret installation. Please run: `pip install xgboost` to install.
Alternately, you can install this by running `pip install pycaret[models]`
2026-07-09 23:19:51,941:WARNING:
'catboost' is a soft dependency and not included in the pycaret installation. Please run: `pip install catboost` to install.
Alternately, you can install this by running `pip install pycaret[models]`
2026-07-09 23:19:51,959:INFO:Engine for model 'rbfsvm' has not been set explicitly, hence returning None.
2026-07-09 23:19:51,970:WARNING:
'xgboost' is a soft dependency and not included in the pycaret installation. Please run: `pip install xgboost` to install.
Alternately, you can install this by running `pip install pycaret[models]`
2026-07-09 23:19:51,970:WARNING:
'catboost' is a soft dependency and not included in the pycaret installation. Please run: `pip install catboost` to install.
Alternately, you can install this by running `pip install pycaret[models]`
2026-07-09 23:19:51,970:INFO:Engine successfully changes for model 'rbfsvm' to 'sklearn'.
2026-07-09 23:19:51,999:WARNING:
'xgboost' is a soft dependency and not included in the pycaret installation. Please run: `pip install xgboost` to install.
Alternately, you can install this by running `pip install pycaret[models]`
2026-07-09 23:19:51,999:WARNING:
'catboost' is a soft dependency and not included in the pycaret installation. Please run: `pip install catboost` to install.
Alternately, you can install this by running `pip install pycaret[models]`
2026-07-09 23:19:52,028:WARNING:
'xgboost' is a soft dependency and not included in the pycaret installation. Please run: `pip install xgboost` to install.
Alternately, you can install this by running `pip install pycaret[models]`
2026-07-09 23:19:52,028:WARNING:
'catboost' is a soft dependency and not included in the pycaret installation. Please run: `pip install catboost` to install.
Alternately, you can install this by running `pip install pycaret[models]`
2026-07-09 23:19:52,032:INFO:Preparing preprocessing pipeline...
2026-07-09 23:19:52,033:INFO:Set up simple imputation.
2026-07-09 23:19:52,034:INFO:Set up column name cleaning.
2026-07-09 23:19:52,047:INFO:Finished creating preprocessing pipeline.
2026-07-09 23:19:52,049:INFO:Pipeline: Pipeline(memory=FastMemory(location=/var/folders/9y/zsg6jz5j65v3gp5d4hjpwlhh0000gn/T/joblib),
         steps=[('numerical_imputer',
                 TransformerWrapper(exclude=None,
                                    include=['MDVP:Fo(Hz)', 'MDVP:Fhi(Hz)',
                                             'MDVP:Flo(Hz)', 'MDVP:Jitter(%)',
                                             'MDVP:Jitter(Abs)', 'MDVP:RAP',
                                             'MDVP:PPQ', 'Jitter:DDP',
                                             'MDVP:Shimmer', 'MDVP:Shimmer(dB)',
                                             'Shimmer:APQ3', 'Shimmer:APQ5',
                                             'MDVP:APQ...
                ('categorical_imputer',
                 TransformerWrapper(exclude=None, include=[],
                                    transformer=SimpleImputer(add_indicator=False,
                                                              copy=True,
                                                              fill_value=None,
                                                              keep_empty_features=False,
                                                              missing_values=nan,
                                                              strategy='most_frequent'))),
                ('clean_column_names',
                 TransformerWrapper(exclude=None, include=None,
                                    transformer=CleanColumnNames(match='[\\]\\[\\,\\{\\}\\"\\:]+')))],
         verbose=False)
2026-07-09 23:19:52,049:INFO:Creating final display dataframe.
2026-07-09 23:19:52,088:INFO:Setup _display_container:                     Description             Value
0                    Session id                42
1                        Target            status
2                   Target type            Binary
3           Original data shape         (195, 23)
4        Transformed data shape         (195, 23)
5   Transformed train set shape         (136, 23)
6    Transformed test set shape          (59, 23)
7              Numeric features                22
8                    Preprocess              True
9               Imputation type            simple
10           Numeric imputation              mean
11       Categorical imputation              mode
12               Fold Generator   StratifiedKFold
13                  Fold Number                10
14                     CPU Jobs                -1
15                      Use GPU             False
16               Log Experiment             False
17              Experiment Name  clf-default-name
18                          USI              3437
2026-07-09 23:19:52,118:WARNING:
'xgboost' is a soft dependency and not included in the pycaret installation. Please run: `pip install xgboost` to install.
Alternately, you can install this by running `pip install pycaret[models]`
2026-07-09 23:19:52,119:WARNING:
'catboost' is a soft dependency and not included in the pycaret installation. Please run: `pip install catboost` to install.
Alternately, you can install this by running `pip install pycaret[models]`
2026-07-09 23:19:52,148:WARNING:
'xgboost' is a soft dependency and not included in the pycaret installation. Please run: `pip install xgboost` to install.
Alternately, you can install this by running `pip install pycaret[models]`
2026-07-09 23:19:52,148:WARNING:
'catboost' is a soft dependency and not included in the pycaret installation. Please run: `pip install catboost` to install.
Alternately, you can install this by running `pip install pycaret[models]`
2026-07-09 23:19:52,148:INFO:setup() successfully completed in 1.55s...............
2026-07-09 23:19:52,148:INFO:Initializing compare_models()
2026-07-09 23:19:52,148:INFO:compare_models(self=<pycaret.classification.oop.ClassificationExperiment object at 0x1046a6b50>, include=None, fold=None, round=4, cross_validation=True, sort=Accuracy, n_select=1, budget_time=None, turbo=True, errors=ignore, fit_kwargs=None, groups=None, experiment_custom_tags=None, probability_threshold=None, verbose=True, parallel=None, caller_params={'self': <pycaret.classification.oop.ClassificationExperiment object at 0x1046a6b50>, 'include': None, 'exclude': None, 'fold': None, 'round': 4, 'cross_validation': True, 'sort': 'Accuracy', 'n_select': 1, 'budget_time': None, 'turbo': True, 'errors': 'ignore', 'fit_kwargs': None, 'groups': None, 'experiment_custom_tags': None, 'probability_threshold': None, 'engine': None, 'verbose': True, 'parallel': None, '__class__': <class 'pycaret.classification.oop.ClassificationExperiment'>}, exclude=None)
2026-07-09 23:19:52,148:INFO:Checking exceptions
2026-07-09 23:19:52,152:INFO:Preparing display monitor
2026-07-09 23:19:52,173:INFO:Initializing Logistic Regression
2026-07-09 23:19:52,173:INFO:Total runtime is 2.018610636393229e-06 minutes
2026-07-09 23:19:52,173:INFO:SubProcess create_model() called ==================================
2026-07-09 23:19:52,173:INFO:Initializing create_model()
2026-07-09 23:19:52,173:INFO:create_model(self=<pycaret.classification.oop.ClassificationExperiment object at 0x1046a6b50>, estimator=lr, fold=StratifiedKFold(n_splits=10, random_state=None, shuffle=False), round=4, cross_validation=True, predict=True, fit_kwargs={}, groups=None, refit=False, probability_threshold=None, experiment_custom_tags=None, verbose=False, system=False, add_to_model_list=True, metrics=None, display=<pycaret.internal.display.display.CommonDisplay object at 0x1786e93d0>, model_only=True, return_train_score=False, error_score=0.0, kwargs={})
2026-07-09 23:19:52,173:INFO:Checking exceptions
2026-07-09 23:19:52,173:INFO:Importing libraries
2026-07-09 23:19:52,173:INFO:Copying training dataset
2026-07-09 23:19:52,177:INFO:Defining folds
2026-07-09 23:19:52,177:INFO:Declaring metric variables
2026-07-09 23:19:52,177:INFO:Importing untrained model
2026-07-09 23:19:52,177:INFO:Logistic Regression Imported successfully
2026-07-09 23:19:52,178:INFO:Starting cross validation
2026-07-09 23:19:52,178:INFO:Cross validating with StratifiedKFold(n_splits=10, random_state=None, shuffle=False), n_jobs=-1
2026-07-09 23:19:55,305:INFO:Calculating mean and std
2026-07-09 23:19:55,307:INFO:Creating metrics dataframe
2026-07-09 23:19:55,313:INFO:Uploading results into container
2026-07-09 23:19:55,314:INFO:Uploading model into container now
2026-07-09 23:19:55,315:INFO:_master_model_container: 1
2026-07-09 23:19:55,315:INFO:_display_container: 2
2026-07-09 23:19:55,315:INFO:LogisticRegression(C=1.0, class_weight=None, dual=False, fit_intercept=True,
                   intercept_scaling=1, l1_ratio=None, max_iter=1000,
                   multi_class='auto', n_jobs=None, penalty='l2',
                   random_state=42, solver='lbfgs', tol=0.0001, verbose=0,
                   warm_start=False)
2026-07-09 23:19:55,315:INFO:create_model() successfully completed......................................
2026-07-09 23:19:55,404:INFO:SubProcess create_model() end ==================================
2026-07-09 23:19:55,404:INFO:Creating metrics dataframe
2026-07-09 23:19:55,405:INFO:Initializing K Neighbors Classifier
2026-07-09 23:19:55,405:INFO:Total runtime is 0.05388231674830119 minutes
2026-07-09 23:19:55,406:INFO:SubProcess create_model() called ==================================
2026-07-09 23:19:55,406:INFO:Initializing create_model()
2026-07-09 23:19:55,406:INFO:create_model(self=<pycaret.classification.oop.ClassificationExperiment object at 0x1046a6b50>, estimator=knn, fold=StratifiedKFold(n_splits=10, random_state=None, shuffle=False), round=4, cross_validation=True, predict=True, fit_kwargs={}, groups=None, refit=False, probability_threshold=None, experiment_custom_tags=None, verbose=False, system=False, add_to_model_list=True, metrics=None, display=<pycaret.internal.display.display.CommonDisplay object at 0x1786e93d0>, model_only=True, return_train_score=False, error_score=0.0, kwargs={})
2026-07-09 23:19:55,406:INFO:Checking exceptions
2026-07-09 23:19:55,406:INFO:Importing libraries
2026-07-09 23:19:55,406:INFO:Copying training dataset
2026-07-09 23:19:55,408:INFO:Defining folds
2026-07-09 23:19:55,408:INFO:Declaring metric variables
2026-07-09 23:19:55,408:INFO:Importing untrained model
2026-07-09 23:19:55,408:INFO:K Neighbors Classifier Imported successfully
2026-07-09 23:19:55,408:INFO:Starting cross validation
2026-07-09 23:19:55,408:INFO:Cross validating with StratifiedKFold(n_splits=10, random_state=None, shuffle=False), n_jobs=-1
2026-07-09 23:19:55,488:INFO:Calculating mean and std
2026-07-09 23:19:55,488:INFO:Creating metrics dataframe
2026-07-09 23:19:55,489:INFO:Uploading results into container
2026-07-09 23:19:55,489:INFO:Uploading model into container now
2026-07-09 23:19:55,489:INFO:_master_model_container: 2
2026-07-09 23:19:55,489:INFO:_display_container: 2
2026-07-09 23:19:55,489:INFO:KNeighborsClassifier(algorithm='auto', leaf_size=30, metric='minkowski',
                     metric_params=None, n_jobs=-1, n_neighbors=5, p=2,
                     weights='uniform')
2026-07-09 23:19:55,489:INFO:create_model() successfully completed......................................
2026-07-09 23:19:55,519:INFO:SubProcess create_model() end ==================================
2026-07-09 23:19:55,519:INFO:Creating metrics dataframe
2026-07-09 23:19:55,520:INFO:Initializing Naive Bayes
2026-07-09 23:19:55,520:INFO:Total runtime is 0.05579575300216675 minutes
2026-07-09 23:19:55,520:INFO:SubProcess create_model() called ==================================
2026-07-09 23:19:55,520:INFO:Initializing create_model()
2026-07-09 23:19:55,520:INFO:create_model(self=<pycaret.classification.oop.ClassificationExperiment object at 0x1046a6b50>, estimator=nb, fold=StratifiedKFold(n_splits=10, random_state=None, shuffle=False), round=4, cross_validation=True, predict=True, fit_kwargs={}, groups=None, refit=False, probability_threshold=None, experiment_custom_tags=None, verbose=False, system=False, add_to_model_list=True, metrics=None, display=<pycaret.internal.display.display.CommonDisplay object at 0x1786e93d0>, model_only=True, return_train_score=False, error_score=0.0, kwargs={})
2026-07-09 23:19:55,520:INFO:Checking exceptions
2026-07-09 23:19:55,520:INFO:Importing libraries
2026-07-09 23:19:55,520:INFO:Copying training dataset
2026-07-09 23:19:55,522:INFO:Defining folds
2026-07-09 23:19:55,522:INFO:Declaring metric variables
2026-07-09 23:19:55,522:INFO:Importing untrained model
2026-07-09 23:19:55,523:INFO:Naive Bayes Imported successfully
2026-07-09 23:19:55,523:INFO:Starting cross validation
2026-07-09 23:19:55,523:INFO:Cross validating with StratifiedKFold(n_splits=10, random_state=None, shuffle=False), n_jobs=-1
2026-07-09 23:19:55,562:INFO:Calculating mean and std
2026-07-09 23:19:55,562:INFO:Creating metrics dataframe
2026-07-09 23:19:55,563:INFO:Uploading results into container
2026-07-09 23:19:55,563:INFO:Uploading model into container now
2026-07-09 23:19:55,563:INFO:_master_model_container: 3
2026-07-09 23:19:55,563:INFO:_display_container: 2
2026-07-09 23:19:55,563:INFO:GaussianNB(priors=None, var_smoothing=1e-09)
2026-07-09 23:19:55,563:INFO:create_model() successfully completed......................................
2026-07-09 23:19:55,593:INFO:SubProcess create_model() end ==================================
2026-07-09 23:19:55,593:INFO:Creating metrics dataframe
2026-07-09 23:19:55,594:INFO:Initializing Decision Tree Classifier
2026-07-09 23:19:55,594:INFO:Total runtime is 0.05702412128448486 minutes
2026-07-09 23:19:55,594:INFO:SubProcess create_model() called ==================================
2026-07-09 23:19:55,594:INFO:Initializing create_model()
2026-07-09 23:19:55,594:INFO:create_model(self=<pycaret.classification.oop.ClassificationExperiment object at 0x1046a6b50>, estimator=dt, fold=StratifiedKFold(n_splits=10, random_state=None, shuffle=False), round=4, cross_validation=True, predict=True, fit_kwargs={}, groups=None, refit=False, probability_threshold=None, experiment_custom_tags=None, verbose=False, system=False, add_to_model_list=True, metrics=None, display=<pycaret.internal.display.display.CommonDisplay object at 0x1786e93d0>, model_only=True, return_train_score=False, error_score=0.0, kwargs={})
2026-07-09 23:19:55,594:INFO:Checking exceptions
2026-07-09 23:19:55,594:INFO:Importing libraries
2026-07-09 23:19:55,594:INFO:Copying training dataset
2026-07-09 23:19:55,596:INFO:Defining folds
2026-07-09 23:19:55,596:INFO:Declaring metric variables
2026-07-09 23:19:55,596:INFO:Importing untrained model
2026-07-09 23:19:55,596:INFO:Decision Tree Classifier Imported successfully
2026-07-09 23:19:55,596:INFO:Starting cross validation
2026-07-09 23:19:55,597:INFO:Cross validating with StratifiedKFold(n_splits=10, random_state=None, shuffle=False), n_jobs=-1
2026-07-09 23:19:55,649:INFO:Calculating mean and std
2026-07-09 23:19:55,650:INFO:Creating metrics dataframe
2026-07-09 23:19:55,650:INFO:Uploading results into container
2026-07-09 23:19:55,651:INFO:Uploading model into container now
2026-07-09 23:19:55,651:INFO:_master_model_container: 4
2026-07-09 23:19:55,651:INFO:_display_container: 2
2026-07-09 23:19:55,651:INFO:DecisionTreeClassifier(ccp_alpha=0.0, class_weight=None, criterion='gini',
                       max_depth=None, max_features=None, max_leaf_nodes=None,
                       min_impurity_decrease=0.0, min_samples_leaf=1,
                       min_samples_split=2, min_weight_fraction_leaf=0.0,
                       monotonic_cst=None, random_state=42, splitter='best')
2026-07-09 23:19:55,651:INFO:create_model() successfully completed......................................
2026-07-09 23:19:55,684:INFO:SubProcess create_model() end ==================================
2026-07-09 23:19:55,684:INFO:Creating metrics dataframe
2026-07-09 23:19:55,685:INFO:Initializing SVM - Linear Kernel
2026-07-09 23:19:55,685:INFO:Total runtime is 0.05854445298512777 minutes
2026-07-09 23:19:55,685:INFO:SubProcess create_model() called ==================================
2026-07-09 23:19:55,685:INFO:Initializing create_model()
2026-07-09 23:19:55,685:INFO:create_model(self=<pycaret.classification.oop.ClassificationExperiment object at 0x1046a6b50>, estimator=svm, fold=StratifiedKFold(n_splits=10, random_state=None, shuffle=False), round=4, cross_validation=True, predict=True, fit_kwargs={}, groups=None, refit=False, probability_threshold=None, experiment_custom_tags=None, verbose=False, system=False, add_to_model_list=True, metrics=None, display=<pycaret.internal.display.display.CommonDisplay object at 0x1786e93d0>, model_only=True, return_train_score=False, error_score=0.0, kwargs={})
2026-07-09 23:19:55,685:INFO:Checking exceptions
2026-07-09 23:19:55,685:INFO:Importing libraries
2026-07-09 23:19:55,685:INFO:Copying training dataset
2026-07-09 23:19:55,687:INFO:Defining folds
2026-07-09 23:19:55,687:INFO:Declaring metric variables
2026-07-09 23:19:55,687:INFO:Importing untrained model
2026-07-09 23:19:55,687:INFO:SVM - Linear Kernel Imported successfully
2026-07-09 23:19:55,687:INFO:Starting cross validation
2026-07-09 23:19:55,688:INFO:Cross validating with StratifiedKFold(n_splits=10, random_state=None, shuffle=False), n_jobs=-1
2026-07-09 23:19:55,724:WARNING:/Users/riannachaudhuri/Downloads/pd-platform/venv/lib/python3.9/site-packages/sklearn/metrics/_classification.py:1509: UndefinedMetricWarning: Precision is ill-defined and being set to 0.0 due to no predicted samples. Use `zero_division` parameter to control this behavior.
  _warn_prf(average, modifier, f"{metric.capitalize()} is", len(result))

2026-07-09 23:19:55,740:INFO:Calculating mean and std
2026-07-09 23:19:55,740:INFO:Creating metrics dataframe
2026-07-09 23:19:55,741:INFO:Uploading results into container
2026-07-09 23:19:55,741:INFO:Uploading model into container now
2026-07-09 23:19:55,742:INFO:_master_model_container: 5
2026-07-09 23:19:55,742:INFO:_display_container: 2
2026-07-09 23:19:55,742:INFO:SGDClassifier(alpha=0.0001, average=False, class_weight=None,
              early_stopping=False, epsilon=0.1, eta0=0.001, fit_intercept=True,
              l1_ratio=0.15, learning_rate='optimal', loss='hinge',
              max_iter=1000, n_iter_no_change=5, n_jobs=-1, penalty='l2',
              power_t=0.5, random_state=42, shuffle=True, tol=0.001,
              validation_fraction=0.1, verbose=0, warm_start=False)
2026-07-09 23:19:55,742:INFO:create_model() successfully completed......................................
2026-07-09 23:19:55,773:INFO:SubProcess create_model() end ==================================
2026-07-09 23:19:55,773:INFO:Creating metrics dataframe
2026-07-09 23:19:55,774:INFO:Initializing Ridge Classifier
2026-07-09 23:19:55,774:INFO:Total runtime is 0.060023617744445805 minutes
2026-07-09 23:19:55,774:INFO:SubProcess create_model() called ==================================
2026-07-09 23:19:55,774:INFO:Initializing create_model()
2026-07-09 23:19:55,774:INFO:create_model(self=<pycaret.classification.oop.ClassificationExperiment object at 0x1046a6b50>, estimator=ridge, fold=StratifiedKFold(n_splits=10, random_state=None, shuffle=False), round=4, cross_validation=True, predict=True, fit_kwargs={}, groups=None, refit=False, probability_threshold=None, experiment_custom_tags=None, verbose=False, system=False, add_to_model_list=True, metrics=None, display=<pycaret.internal.display.display.CommonDisplay object at 0x1786e93d0>, model_only=True, return_train_score=False, error_score=0.0, kwargs={})
2026-07-09 23:19:55,774:INFO:Checking exceptions
2026-07-09 23:19:55,774:INFO:Importing libraries
2026-07-09 23:19:55,774:INFO:Copying training dataset
2026-07-09 23:19:55,776:INFO:Defining folds
2026-07-09 23:19:55,776:INFO:Declaring metric variables
2026-07-09 23:19:55,776:INFO:Importing untrained model
2026-07-09 23:19:55,776:INFO:Ridge Classifier Imported successfully
2026-07-09 23:19:55,776:INFO:Starting cross validation
2026-07-09 23:19:55,777:INFO:Cross validating with StratifiedKFold(n_splits=10, random_state=None, shuffle=False), n_jobs=-1
2026-07-09 23:19:55,822:INFO:Calculating mean and std
2026-07-09 23:19:55,822:INFO:Creating metrics dataframe
2026-07-09 23:19:55,823:INFO:Uploading results into container
2026-07-09 23:19:55,823:INFO:Uploading model into container now
2026-07-09 23:19:55,823:INFO:_master_model_container: 6
2026-07-09 23:19:55,823:INFO:_display_container: 2
2026-07-09 23:19:55,823:INFO:RidgeClassifier(alpha=1.0, class_weight=None, copy_X=True, fit_intercept=True,
                max_iter=None, positive=False, random_state=42, solver='auto',
                tol=0.0001)
2026-07-09 23:19:55,823:INFO:create_model() successfully completed......................................
2026-07-09 23:19:55,855:INFO:SubProcess create_model() end ==================================
2026-07-09 23:19:55,855:INFO:Creating metrics dataframe
2026-07-09 23:19:55,856:INFO:Initializing Random Forest Classifier
2026-07-09 23:19:55,856:INFO:Total runtime is 0.0613966703414917 minutes
2026-07-09 23:19:55,856:INFO:SubProcess create_model() called ==================================
2026-07-09 23:19:55,856:INFO:Initializing create_model()
2026-07-09 23:19:55,856:INFO:create_model(self=<pycaret.classification.oop.ClassificationExperiment object at 0x1046a6b50>, estimator=rf, fold=StratifiedKFold(n_splits=10, random_state=None, shuffle=False), round=4, cross_validation=True, predict=True, fit_kwargs={}, groups=None, refit=False, probability_threshold=None, experiment_custom_tags=None, verbose=False, system=False, add_to_model_list=True, metrics=None, display=<pycaret.internal.display.display.CommonDisplay object at 0x1786e93d0>, model_only=True, return_train_score=False, error_score=0.0, kwargs={})
2026-07-09 23:19:55,857:INFO:Checking exceptions
2026-07-09 23:19:55,857:INFO:Importing libraries
2026-07-09 23:19:55,857:INFO:Copying training dataset
2026-07-09 23:19:55,858:INFO:Defining folds
2026-07-09 23:19:55,858:INFO:Declaring metric variables
2026-07-09 23:19:55,858:INFO:Importing untrained model
2026-07-09 23:19:55,859:INFO:Random Forest Classifier Imported successfully
2026-07-09 23:19:55,859:INFO:Starting cross validation
2026-07-09 23:19:55,859:INFO:Cross validating with StratifiedKFold(n_splits=10, random_state=None, shuffle=False), n_jobs=-1
2026-07-09 23:19:56,138:INFO:Calculating mean and std
2026-07-09 23:19:56,138:INFO:Creating metrics dataframe
2026-07-09 23:19:56,139:INFO:Uploading results into container
2026-07-09 23:19:56,139:INFO:Uploading model into container now
2026-07-09 23:19:56,140:INFO:_master_model_container: 7
2026-07-09 23:19:56,140:INFO:_display_container: 2
2026-07-09 23:19:56,140:INFO:RandomForestClassifier(bootstrap=True, ccp_alpha=0.0, class_weight=None,
                       criterion='gini', max_depth=None, max_features='sqrt',
                       max_leaf_nodes=None, max_samples=None,
                       min_impurity_decrease=0.0, min_samples_leaf=1,
                       min_samples_split=2, min_weight_fraction_leaf=0.0,
                       monotonic_cst=None, n_estimators=100, n_jobs=-1,
                       oob_score=False, random_state=42, verbose=0,
                       warm_start=False)
2026-07-09 23:19:56,140:INFO:create_model() successfully completed......................................
2026-07-09 23:19:56,172:INFO:SubProcess create_model() end ==================================
2026-07-09 23:19:56,172:INFO:Creating metrics dataframe
2026-07-09 23:19:56,174:INFO:Initializing Quadratic Discriminant Analysis
2026-07-09 23:19:56,174:INFO:Total runtime is 0.06668438514073691 minutes
2026-07-09 23:19:56,174:INFO:SubProcess create_model() called ==================================
2026-07-09 23:19:56,174:INFO:Initializing create_model()
2026-07-09 23:19:56,174:INFO:create_model(self=<pycaret.classification.oop.ClassificationExperiment object at 0x1046a6b50>, estimator=qda, fold=StratifiedKFold(n_splits=10, random_state=None, shuffle=False), round=4, cross_validation=True, predict=True, fit_kwargs={}, groups=None, refit=False, probability_threshold=None, experiment_custom_tags=None, verbose=False, system=False, add_to_model_list=True, metrics=None, display=<pycaret.internal.display.display.CommonDisplay object at 0x1786e93d0>, model_only=True, return_train_score=False, error_score=0.0, kwargs={})
2026-07-09 23:19:56,174:INFO:Checking exceptions
2026-07-09 23:19:56,174:INFO:Importing libraries
2026-07-09 23:19:56,174:INFO:Copying training dataset
2026-07-09 23:19:56,176:INFO:Defining folds
2026-07-09 23:19:56,176:INFO:Declaring metric variables
2026-07-09 23:19:56,176:INFO:Importing untrained model
2026-07-09 23:19:56,176:INFO:Quadratic Discriminant Analysis Imported successfully
2026-07-09 23:19:56,176:INFO:Starting cross validation
2026-07-09 23:19:56,176:INFO:Cross validating with StratifiedKFold(n_splits=10, random_state=None, shuffle=False), n_jobs=-1
2026-07-09 23:19:56,193:WARNING:/Users/riannachaudhuri/Downloads/pd-platform/venv/lib/python3.9/site-packages/sklearn/discriminant_analysis.py:935: UserWarning: Variables are collinear
  warnings.warn("Variables are collinear")

2026-07-09 23:19:56,193:WARNING:/Users/riannachaudhuri/Downloads/pd-platform/venv/lib/python3.9/site-packages/sklearn/discriminant_analysis.py:935: UserWarning: Variables are collinear
  warnings.warn("Variables are collinear")

2026-07-09 23:19:56,193:WARNING:/Users/riannachaudhuri/Downloads/pd-platform/venv/lib/python3.9/site-packages/sklearn/discriminant_analysis.py:935: UserWarning: Variables are collinear
  warnings.warn("Variables are collinear")

2026-07-09 23:19:56,195:WARNING:/Users/riannachaudhuri/Downloads/pd-platform/venv/lib/python3.9/site-packages/sklearn/discriminant_analysis.py:935: UserWarning: Variables are collinear
  warnings.warn("Variables are collinear")

2026-07-09 23:19:56,205:WARNING:/Users/riannachaudhuri/Downloads/pd-platform/venv/lib/python3.9/site-packages/sklearn/discriminant_analysis.py:935: UserWarning: Variables are collinear
  warnings.warn("Variables are collinear")

2026-07-09 23:19:56,206:WARNING:/Users/riannachaudhuri/Downloads/pd-platform/venv/lib/python3.9/site-packages/sklearn/discriminant_analysis.py:935: UserWarning: Variables are collinear
  warnings.warn("Variables are collinear")

2026-07-09 23:19:56,206:WARNING:/Users/riannachaudhuri/Downloads/pd-platform/venv/lib/python3.9/site-packages/sklearn/discriminant_analysis.py:935: UserWarning: Variables are collinear
  warnings.warn("Variables are collinear")

2026-07-09 23:19:56,208:WARNING:/Users/riannachaudhuri/Downloads/pd-platform/venv/lib/python3.9/site-packages/sklearn/discriminant_analysis.py:935: UserWarning: Variables are collinear
  warnings.warn("Variables are collinear")

2026-07-09 23:19:56,212:WARNING:/Users/riannachaudhuri/Downloads/pd-platform/venv/lib/python3.9/site-packages/sklearn/discriminant_analysis.py:935: UserWarning: Variables are collinear
  warnings.warn("Variables are collinear")

2026-07-09 23:19:56,219:WARNING:/Users/riannachaudhuri/Downloads/pd-platform/venv/lib/python3.9/site-packages/sklearn/discriminant_analysis.py:935: UserWarning: Variables are collinear
  warnings.warn("Variables are collinear")

2026-07-09 23:19:56,228:INFO:Calculating mean and std
2026-07-09 23:19:56,228:INFO:Creating metrics dataframe
2026-07-09 23:19:56,229:INFO:Uploading results into container
2026-07-09 23:19:56,229:INFO:Uploading model into container now
2026-07-09 23:19:56,229:INFO:_master_model_container: 8
2026-07-09 23:19:56,229:INFO:_display_container: 2
2026-07-09 23:19:56,229:INFO:QuadraticDiscriminantAnalysis(priors=None, reg_param=0.0,
                              store_covariance=False, tol=0.0001)
2026-07-09 23:19:56,229:INFO:create_model() successfully completed......................................
2026-07-09 23:19:56,261:INFO:SubProcess create_model() end ==================================
2026-07-09 23:19:56,261:INFO:Creating metrics dataframe
2026-07-09 23:19:56,262:INFO:Initializing Ada Boost Classifier
2026-07-09 23:19:56,262:INFO:Total runtime is 0.06815801858901978 minutes
2026-07-09 23:19:56,262:INFO:SubProcess create_model() called ==================================
2026-07-09 23:19:56,262:INFO:Initializing create_model()
2026-07-09 23:19:56,262:INFO:create_model(self=<pycaret.classification.oop.ClassificationExperiment object at 0x1046a6b50>, estimator=ada, fold=StratifiedKFold(n_splits=10, random_state=None, shuffle=False), round=4, cross_validation=True, predict=True, fit_kwargs={}, groups=None, refit=False, probability_threshold=None, experiment_custom_tags=None, verbose=False, system=False, add_to_model_list=True, metrics=None, display=<pycaret.internal.display.display.CommonDisplay object at 0x1786e93d0>, model_only=True, return_train_score=False, error_score=0.0, kwargs={})
2026-07-09 23:19:56,262:INFO:Checking exceptions
2026-07-09 23:19:56,262:INFO:Importing libraries
2026-07-09 23:19:56,262:INFO:Copying training dataset
2026-07-09 23:19:56,264:INFO:Defining folds
2026-07-09 23:19:56,264:INFO:Declaring metric variables
2026-07-09 23:19:56,264:INFO:Importing untrained model
2026-07-09 23:19:56,264:INFO:Ada Boost Classifier Imported successfully
2026-07-09 23:19:56,264:INFO:Starting cross validation
2026-07-09 23:19:56,265:INFO:Cross validating with StratifiedKFold(n_splits=10, random_state=None, shuffle=False), n_jobs=-1
2026-07-09 23:19:56,277:WARNING:/Users/riannachaudhuri/Downloads/pd-platform/venv/lib/python3.9/site-packages/sklearn/ensemble/_weight_boosting.py:519: FutureWarning: The SAMME.R algorithm (the default) is deprecated and will be removed in 1.6. Use the SAMME algorithm to circumvent this warning.
  warnings.warn(

2026-07-09 23:19:56,280:WARNING:/Users/riannachaudhuri/Downloads/pd-platform/venv/lib/python3.9/site-packages/sklearn/ensemble/_weight_boosting.py:519: FutureWarning: The SAMME.R algorithm (the default) is deprecated and will be removed in 1.6. Use the SAMME algorithm to circumvent this warning.
  warnings.warn(

2026-07-09 23:19:56,281:WARNING:/Users/riannachaudhuri/Downloads/pd-platform/venv/lib/python3.9/site-packages/sklearn/ensemble/_weight_boosting.py:519: FutureWarning: The SAMME.R algorithm (the default) is deprecated and will be removed in 1.6. Use the SAMME algorithm to circumvent this warning.
  warnings.warn(

2026-07-09 23:19:56,285:WARNING:/Users/riannachaudhuri/Downloads/pd-platform/venv/lib/python3.9/site-packages/sklearn/ensemble/_weight_boosting.py:519: FutureWarning: The SAMME.R algorithm (the default) is deprecated and will be removed in 1.6. Use the SAMME algorithm to circumvent this warning.
  warnings.warn(

2026-07-09 23:19:56,286:WARNING:/Users/riannachaudhuri/Downloads/pd-platform/venv/lib/python3.9/site-packages/sklearn/ensemble/_weight_boosting.py:519: FutureWarning: The SAMME.R algorithm (the default) is deprecated and will be removed in 1.6. Use the SAMME algorithm to circumvent this warning.
  warnings.warn(

2026-07-09 23:19:56,302:WARNING:/Users/riannachaudhuri/Downloads/pd-platform/venv/lib/python3.9/site-packages/sklearn/ensemble/_weight_boosting.py:519: FutureWarning: The SAMME.R algorithm (the default) is deprecated and will be removed in 1.6. Use the SAMME algorithm to circumvent this warning.
  warnings.warn(

2026-07-09 23:19:56,302:WARNING:/Users/riannachaudhuri/Downloads/pd-platform/venv/lib/python3.9/site-packages/sklearn/ensemble/_weight_boosting.py:519: FutureWarning: The SAMME.R algorithm (the default) is deprecated and will be removed in 1.6. Use the SAMME algorithm to circumvent this warning.
  warnings.warn(

2026-07-09 23:19:56,324:WARNING:/Users/riannachaudhuri/Downloads/pd-platform/venv/lib/python3.9/site-packages/sklearn/ensemble/_weight_boosting.py:519: FutureWarning: The SAMME.R algorithm (the default) is deprecated and will be removed in 1.6. Use the SAMME algorithm to circumvent this warning.
  warnings.warn(

2026-07-09 23:19:56,357:WARNING:/Users/riannachaudhuri/Downloads/pd-platform/venv/lib/python3.9/site-packages/sklearn/ensemble/_weight_boosting.py:519: FutureWarning: The SAMME.R algorithm (the default) is deprecated and will be removed in 1.6. Use the SAMME algorithm to circumvent this warning.
  warnings.warn(

2026-07-09 23:19:56,361:WARNING:/Users/riannachaudhuri/Downloads/pd-platform/venv/lib/python3.9/site-packages/sklearn/ensemble/_weight_boosting.py:519: FutureWarning: The SAMME.R algorithm (the default) is deprecated and will be removed in 1.6. Use the SAMME algorithm to circumvent this warning.
  warnings.warn(

2026-07-09 23:19:56,413:INFO:Calculating mean and std
2026-07-09 23:19:56,413:INFO:Creating metrics dataframe
2026-07-09 23:19:56,414:INFO:Uploading results into container
2026-07-09 23:19:56,414:INFO:Uploading model into container now
2026-07-09 23:19:56,414:INFO:_master_model_container: 9
2026-07-09 23:19:56,414:INFO:_display_container: 2
2026-07-09 23:19:56,414:INFO:AdaBoostClassifier(algorithm='SAMME.R', estimator=None, learning_rate=1.0,
                   n_estimators=50, random_state=42)
2026-07-09 23:19:56,414:INFO:create_model() successfully completed......................................
2026-07-09 23:19:56,443:INFO:SubProcess create_model() end ==================================
2026-07-09 23:19:56,443:INFO:Creating metrics dataframe
2026-07-09 23:19:56,444:INFO:Initializing Gradient Boosting Classifier
2026-07-09 23:19:56,444:INFO:Total runtime is 0.07119420369466146 minutes
2026-07-09 23:19:56,444:INFO:SubProcess create_model() called ==================================
2026-07-09 23:19:56,444:INFO:Initializing create_model()
2026-07-09 23:19:56,444:INFO:create_model(self=<pycaret.classification.oop.ClassificationExperiment object at 0x1046a6b50>, estimator=gbc, fold=StratifiedKFold(n_splits=10, random_state=None, shuffle=False), round=4, cross_validation=True, predict=True, fit_kwargs={}, groups=None, refit=False, probability_threshold=None, experiment_custom_tags=None, verbose=False, system=False, add_to_model_list=True, metrics=None, display=<pycaret.internal.display.display.CommonDisplay object at 0x1786e93d0>, model_only=True, return_train_score=False, error_score=0.0, kwargs={})
2026-07-09 23:19:56,444:INFO:Checking exceptions
2026-07-09 23:19:56,444:INFO:Importing libraries
2026-07-09 23:19:56,444:INFO:Copying training dataset
2026-07-09 23:19:56,446:INFO:Defining folds
2026-07-09 23:19:56,446:INFO:Declaring metric variables
2026-07-09 23:19:56,446:INFO:Importing untrained model
2026-07-09 23:19:56,446:INFO:Gradient Boosting Classifier Imported successfully
2026-07-09 23:19:56,447:INFO:Starting cross validation
2026-07-09 23:19:56,447:INFO:Cross validating with StratifiedKFold(n_splits=10, random_state=None, shuffle=False), n_jobs=-1
2026-07-09 23:19:56,649:INFO:Calculating mean and std
2026-07-09 23:19:56,649:INFO:Creating metrics dataframe
2026-07-09 23:19:56,650:INFO:Uploading results into container
2026-07-09 23:19:56,650:INFO:Uploading model into container now
2026-07-09 23:19:56,650:INFO:_master_model_container: 10
2026-07-09 23:19:56,650:INFO:_display_container: 2
2026-07-09 23:19:56,651:INFO:GradientBoostingClassifier(ccp_alpha=0.0, criterion='friedman_mse', init=None,
                           learning_rate=0.1, loss='log_loss', max_depth=3,
                           max_features=None, max_leaf_nodes=None,
                           min_impurity_decrease=0.0, min_samples_leaf=1,
                           min_samples_split=2, min_weight_fraction_leaf=0.0,
                           n_estimators=100, n_iter_no_change=None,
                           random_state=42, subsample=1.0, tol=0.0001,
                           validation_fraction=0.1, verbose=0,
                           warm_start=False)
2026-07-09 23:19:56,651:INFO:create_model() successfully completed......................................
2026-07-09 23:19:56,683:INFO:SubProcess create_model() end ==================================
2026-07-09 23:19:56,683:INFO:Creating metrics dataframe
2026-07-09 23:19:56,684:INFO:Initializing Linear Discriminant Analysis
2026-07-09 23:19:56,684:INFO:Total runtime is 0.07518775065739951 minutes
2026-07-09 23:19:56,684:INFO:SubProcess create_model() called ==================================
2026-07-09 23:19:56,684:INFO:Initializing create_model()
2026-07-09 23:19:56,684:INFO:create_model(self=<pycaret.classification.oop.ClassificationExperiment object at 0x1046a6b50>, estimator=lda, fold=StratifiedKFold(n_splits=10, random_state=None, shuffle=False), round=4, cross_validation=True, predict=True, fit_kwargs={}, groups=None, refit=False, probability_threshold=None, experiment_custom_tags=None, verbose=False, system=False, add_to_model_list=True, metrics=None, display=<pycaret.internal.display.display.CommonDisplay object at 0x1786e93d0>, model_only=True, return_train_score=False, error_score=0.0, kwargs={})
2026-07-09 23:19:56,684:INFO:Checking exceptions
2026-07-09 23:19:56,684:INFO:Importing libraries
2026-07-09 23:19:56,684:INFO:Copying training dataset
2026-07-09 23:19:56,686:INFO:Defining folds
2026-07-09 23:19:56,686:INFO:Declaring metric variables
2026-07-09 23:19:56,686:INFO:Importing untrained model
2026-07-09 23:19:56,686:INFO:Linear Discriminant Analysis Imported successfully
2026-07-09 23:19:56,686:INFO:Starting cross validation
2026-07-09 23:19:56,687:INFO:Cross validating with StratifiedKFold(n_splits=10, random_state=None, shuffle=False), n_jobs=-1
2026-07-09 23:19:56,737:INFO:Calculating mean and std
2026-07-09 23:19:56,737:INFO:Creating metrics dataframe
2026-07-09 23:19:56,738:INFO:Uploading results into container
2026-07-09 23:19:56,738:INFO:Uploading model into container now
2026-07-09 23:19:56,738:INFO:_master_model_container: 11
2026-07-09 23:19:56,738:INFO:_display_container: 2
2026-07-09 23:19:56,739:INFO:LinearDiscriminantAnalysis(covariance_estimator=None, n_components=None,
                           priors=None, shrinkage=None, solver='svd',
                           store_covariance=False, tol=0.0001)
2026-07-09 23:19:56,739:INFO:create_model() successfully completed......................................
2026-07-09 23:19:56,774:INFO:SubProcess create_model() end ==================================
2026-07-09 23:19:56,774:INFO:Creating metrics dataframe
2026-07-09 23:19:56,776:INFO:Initializing Extra Trees Classifier
2026-07-09 23:19:56,776:INFO:Total runtime is 0.07671988407770794 minutes
2026-07-09 23:19:56,776:INFO:SubProcess create_model() called ==================================
2026-07-09 23:19:56,776:INFO:Initializing create_model()
2026-07-09 23:19:56,776:INFO:create_model(self=<pycaret.classification.oop.ClassificationExperiment object at 0x1046a6b50>, estimator=et, fold=StratifiedKFold(n_splits=10, random_state=None, shuffle=False), round=4, cross_validation=True, predict=True, fit_kwargs={}, groups=None, refit=False, probability_threshold=None, experiment_custom_tags=None, verbose=False, system=False, add_to_model_list=True, metrics=None, display=<pycaret.internal.display.display.CommonDisplay object at 0x1786e93d0>, model_only=True, return_train_score=False, error_score=0.0, kwargs={})
2026-07-09 23:19:56,776:INFO:Checking exceptions
2026-07-09 23:19:56,776:INFO:Importing libraries
2026-07-09 23:19:56,776:INFO:Copying training dataset
2026-07-09 23:19:56,778:INFO:Defining folds
2026-07-09 23:19:56,778:INFO:Declaring metric variables
2026-07-09 23:19:56,778:INFO:Importing untrained model
2026-07-09 23:19:56,778:INFO:Extra Trees Classifier Imported successfully
2026-07-09 23:19:56,778:INFO:Starting cross validation
2026-07-09 23:19:56,778:INFO:Cross validating with StratifiedKFold(n_splits=10, random_state=None, shuffle=False), n_jobs=-1
2026-07-09 23:19:56,999:INFO:Calculating mean and std
2026-07-09 23:19:57,000:INFO:Creating metrics dataframe
2026-07-09 23:19:57,001:INFO:Uploading results into container
2026-07-09 23:19:57,001:INFO:Uploading model into container now
2026-07-09 23:19:57,001:INFO:_master_model_container: 12
2026-07-09 23:19:57,001:INFO:_display_container: 2
2026-07-09 23:19:57,001:INFO:ExtraTreesClassifier(bootstrap=False, ccp_alpha=0.0, class_weight=None,
                     criterion='gini', max_depth=None, max_features='sqrt',
                     max_leaf_nodes=None, max_samples=None,
                     min_impurity_decrease=0.0, min_samples_leaf=1,
                     min_samples_split=2, min_weight_fraction_leaf=0.0,
                     monotonic_cst=None, n_estimators=100, n_jobs=-1,
                     oob_score=False, random_state=42, verbose=0,
                     warm_start=False)
2026-07-09 23:19:57,001:INFO:create_model() successfully completed......................................
2026-07-09 23:19:57,035:INFO:SubProcess create_model() end ==================================
2026-07-09 23:19:57,036:INFO:Creating metrics dataframe
2026-07-09 23:19:57,037:INFO:Initializing Light Gradient Boosting Machine
2026-07-09 23:19:57,037:INFO:Total runtime is 0.08107000589370729 minutes
2026-07-09 23:19:57,037:INFO:SubProcess create_model() called ==================================
2026-07-09 23:19:57,037:INFO:Initializing create_model()
2026-07-09 23:19:57,037:INFO:create_model(self=<pycaret.classification.oop.ClassificationExperiment object at 0x1046a6b50>, estimator=lightgbm, fold=StratifiedKFold(n_splits=10, random_state=None, shuffle=False), round=4, cross_validation=True, predict=True, fit_kwargs={}, groups=None, refit=False, probability_threshold=None, experiment_custom_tags=None, verbose=False, system=False, add_to_model_list=True, metrics=None, display=<pycaret.internal.display.display.CommonDisplay object at 0x1786e93d0>, model_only=True, return_train_score=False, error_score=0.0, kwargs={})
2026-07-09 23:19:57,037:INFO:Checking exceptions
2026-07-09 23:19:57,037:INFO:Importing libraries
2026-07-09 23:19:57,037:INFO:Copying training dataset
2026-07-09 23:19:57,039:INFO:Defining folds
2026-07-09 23:19:57,039:INFO:Declaring metric variables
2026-07-09 23:19:57,039:INFO:Importing untrained model
2026-07-09 23:19:57,039:INFO:Light Gradient Boosting Machine Imported successfully
2026-07-09 23:19:57,039:INFO:Starting cross validation
2026-07-09 23:19:57,039:INFO:Cross validating with StratifiedKFold(n_splits=10, random_state=None, shuffle=False), n_jobs=-1
2026-07-09 23:19:57,498:INFO:Calculating mean and std
2026-07-09 23:19:57,498:INFO:Creating metrics dataframe
2026-07-09 23:19:57,499:INFO:Uploading results into container
2026-07-09 23:19:57,499:INFO:Uploading model into container now
2026-07-09 23:19:57,500:INFO:_master_model_container: 13
2026-07-09 23:19:57,500:INFO:_display_container: 2
2026-07-09 23:19:57,500:INFO:LGBMClassifier(boosting_type='gbdt', class_weight=None, colsample_bytree=1.0,
               importance_type='split', learning_rate=0.1, max_depth=-1,
               min_child_samples=20, min_child_weight=0.001, min_split_gain=0.0,
               n_estimators=100, n_jobs=-1, num_leaves=31, objective=None,
               random_state=42, reg_alpha=0.0, reg_lambda=0.0, subsample=1.0,
               subsample_for_bin=200000, subsample_freq=0)
2026-07-09 23:19:57,500:INFO:create_model() successfully completed......................................
2026-07-09 23:19:57,533:INFO:SubProcess create_model() end ==================================
2026-07-09 23:19:57,534:INFO:Creating metrics dataframe
2026-07-09 23:19:57,535:INFO:Initializing Dummy Classifier
2026-07-09 23:19:57,535:INFO:Total runtime is 0.08936996857325237 minutes
2026-07-09 23:19:57,535:INFO:SubProcess create_model() called ==================================
2026-07-09 23:19:57,535:INFO:Initializing create_model()
2026-07-09 23:19:57,535:INFO:create_model(self=<pycaret.classification.oop.ClassificationExperiment object at 0x1046a6b50>, estimator=dummy, fold=StratifiedKFold(n_splits=10, random_state=None, shuffle=False), round=4, cross_validation=True, predict=True, fit_kwargs={}, groups=None, refit=False, probability_threshold=None, experiment_custom_tags=None, verbose=False, system=False, add_to_model_list=True, metrics=None, display=<pycaret.internal.display.display.CommonDisplay object at 0x1786e93d0>, model_only=True, return_train_score=False, error_score=0.0, kwargs={})
2026-07-09 23:19:57,535:INFO:Checking exceptions
2026-07-09 23:19:57,535:INFO:Importing libraries
2026-07-09 23:19:57,535:INFO:Copying training dataset
2026-07-09 23:19:57,537:INFO:Defining folds
2026-07-09 23:19:57,537:INFO:Declaring metric variables
2026-07-09 23:19:57,537:INFO:Importing untrained model
2026-07-09 23:19:57,537:INFO:Dummy Classifier Imported successfully
2026-07-09 23:19:57,537:INFO:Starting cross validation
2026-07-09 23:19:57,537:INFO:Cross validating with StratifiedKFold(n_splits=10, random_state=None, shuffle=False), n_jobs=-1
2026-07-09 23:19:57,579:INFO:Calculating mean and std
2026-07-09 23:19:57,579:INFO:Creating metrics dataframe
2026-07-09 23:19:57,580:INFO:Uploading results into container
2026-07-09 23:19:57,580:INFO:Uploading model into container now
2026-07-09 23:19:57,580:INFO:_master_model_container: 14
2026-07-09 23:19:57,580:INFO:_display_container: 2
2026-07-09 23:19:57,580:INFO:DummyClassifier(constant=None, random_state=42, strategy='prior')
2026-07-09 23:19:57,580:INFO:create_model() successfully completed......................................
2026-07-09 23:19:57,609:INFO:SubProcess create_model() end ==================================
2026-07-09 23:19:57,609:INFO:Creating metrics dataframe
2026-07-09 23:19:57,615:WARNING:/Users/riannachaudhuri/Downloads/pd-platform/venv/lib/python3.9/site-packages/pycaret/internal/pycaret_experiment/supervised_experiment.py:323: FutureWarning: Styler.applymap has been deprecated. Use Styler.map instead.
  master_display_.apply(

2026-07-09 23:19:57,616:INFO:Initializing create_model()
2026-07-09 23:19:57,616:INFO:create_model(self=<pycaret.classification.oop.ClassificationExperiment object at 0x1046a6b50>, estimator=LGBMClassifier(boosting_type='gbdt', class_weight=None, colsample_bytree=1.0,
               importance_type='split', learning_rate=0.1, max_depth=-1,
               min_child_samples=20, min_child_weight=0.001, min_split_gain=0.0,
               n_estimators=100, n_jobs=-1, num_leaves=31, objective=None,
               random_state=42, reg_alpha=0.0, reg_lambda=0.0, subsample=1.0,
               subsample_for_bin=200000, subsample_freq=0), fold=StratifiedKFold(n_splits=10, random_state=None, shuffle=False), round=4, cross_validation=False, predict=False, fit_kwargs={}, groups=None, refit=True, probability_threshold=None, experiment_custom_tags=None, verbose=False, system=False, add_to_model_list=True, metrics=None, display=None, model_only=True, return_train_score=False, error_score=0.0, kwargs={})
2026-07-09 23:19:57,616:INFO:Checking exceptions
2026-07-09 23:19:57,616:INFO:Importing libraries
2026-07-09 23:19:57,616:INFO:Copying training dataset
2026-07-09 23:19:57,618:INFO:Defining folds
2026-07-09 23:19:57,618:INFO:Declaring metric variables
2026-07-09 23:19:57,618:INFO:Importing untrained model
2026-07-09 23:19:57,618:INFO:Declaring custom model
2026-07-09 23:19:57,619:INFO:Light Gradient Boosting Machine Imported successfully
2026-07-09 23:19:57,619:INFO:Cross validation set to False
2026-07-09 23:19:57,619:INFO:Fitting Model
2026-07-09 23:19:57,626:INFO:[LightGBM] [Info] Number of positive: 103, number of negative: 33
2026-07-09 23:19:57,626:INFO:[LightGBM] [Info] Auto-choosing col-wise multi-threading, the overhead of testing was 0.000124 seconds.
2026-07-09 23:19:57,626:INFO:You can set `force_col_wise=true` to remove the overhead.
2026-07-09 23:19:57,626:INFO:[LightGBM] [Info] Total Bins 990
2026-07-09 23:19:57,626:INFO:[LightGBM] [Info] Number of data points in the train set: 136, number of used features: 22
2026-07-09 23:19:57,626:INFO:[LightGBM] [Info] [binary:BoostFromScore]: pavg=0.757353 -> initscore=1.138221
2026-07-09 23:19:57,626:INFO:[LightGBM] [Info] Start training from score 1.138221
2026-07-09 23:19:57,627:INFO:[LightGBM] [Warning] No further splits with positive gain, best gain: -inf
2026-07-09 23:19:57,627:INFO:[LightGBM] [Warning] No further splits with positive gain, best gain: -inf
2026-07-09 23:19:57,628:INFO:[LightGBM] [Warning] No further splits with positive gain, best gain: -inf
2026-07-09 23:19:57,628:INFO:[LightGBM] [Warning] No further splits with positive gain, best gain: -inf
2026-07-09 23:19:57,628:INFO:[LightGBM] [Warning] No further splits with positive gain, best gain: -inf
2026-07-09 23:19:57,629:INFO:[LightGBM] [Warning] No further splits with positive gain, best gain: -inf
2026-07-09 23:19:57,629:INFO:[LightGBM] [Warning] No further splits with positive gain, best gain: -inf
2026-07-09 23:19:57,630:INFO:[LightGBM] [Warning] No further splits with positive gain, best gain: -inf
2026-07-09 23:19:57,630:INFO:[LightGBM] [Warning] No further splits with positive gain, best gain: -inf
2026-07-09 23:19:57,630:INFO:[LightGBM] [Warning] No further splits with positive gain, best gain: -inf
2026-07-09 23:19:57,631:INFO:[LightGBM] [Warning] No further splits with positive gain, best gain: -inf
2026-07-09 23:19:57,631:INFO:[LightGBM] [Warning] No further splits with positive gain, best gain: -inf
2026-07-09 23:19:57,631:INFO:[LightGBM] [Warning] No further splits with positive gain, best gain: -inf
2026-07-09 23:19:57,632:INFO:[LightGBM] [Warning] No further splits with positive gain, best gain: -inf
2026-07-09 23:19:57,632:INFO:[LightGBM] [Warning] No further splits with positive gain, best gain: -inf
2026-07-09 23:19:57,632:INFO:[LightGBM] [Warning] No further splits with positive gain, best gain: -inf
2026-07-09 23:19:57,632:INFO:[LightGBM] [Warning] No further splits with positive gain, best gain: -inf
2026-07-09 23:19:57,633:INFO:[LightGBM] [Warning] No further splits with positive gain, best gain: -inf
2026-07-09 23:19:57,633:INFO:[LightGBM] [Warning] No further splits with positive gain, best gain: -inf
2026-07-09 23:19:57,634:INFO:[LightGBM] [Warning] No further splits with positive gain, best gain: -inf
2026-07-09 23:19:57,634:INFO:[LightGBM] [Warning] No further splits with positive gain, best gain: -inf
2026-07-09 23:19:57,634:INFO:[LightGBM] [Warning] No further splits with positive gain, best gain: -inf
2026-07-09 23:19:57,635:INFO:[LightGBM] [Warning] No further splits with positive gain, best gain: -inf
2026-07-09 23:19:57,635:INFO:[LightGBM] [Warning] No further splits with positive gain, best gain: -inf
2026-07-09 23:19:57,636:INFO:[LightGBM] [Warning] No further splits with positive gain, best gain: -inf
2026-07-09 23:19:57,636:INFO:[LightGBM] [Warning] No further splits with positive gain, best gain: -inf
2026-07-09 23:19:57,636:INFO:[LightGBM] [Warning] No further splits with positive gain, best gain: -inf
2026-07-09 23:19:57,637:INFO:[LightGBM] [Warning] No further splits with positive gain, best gain: -inf
2026-07-09 23:19:57,637:INFO:[LightGBM] [Warning] No further splits with positive gain, best gain: -inf
2026-07-09 23:19:57,638:INFO:[LightGBM] [Warning] No further splits with positive gain, best gain: -inf
2026-07-09 23:19:57,638:INFO:[LightGBM] [Warning] No further splits with positive gain, best gain: -inf
2026-07-09 23:19:57,638:INFO:[LightGBM] [Warning] No further splits with positive gain, best gain: -inf
2026-07-09 23:19:57,639:INFO:[LightGBM] [Warning] No further splits with positive gain, best gain: -inf
2026-07-09 23:19:57,639:INFO:[LightGBM] [Warning] No further splits with positive gain, best gain: -inf
2026-07-09 23:19:57,640:INFO:[LightGBM] [Warning] No further splits with positive gain, best gain: -inf
2026-07-09 23:19:57,640:INFO:[LightGBM] [Warning] No further splits with positive gain, best gain: -inf
2026-07-09 23:19:57,641:INFO:[LightGBM] [Warning] No further splits with positive gain, best gain: -inf
2026-07-09 23:19:57,641:INFO:[LightGBM] [Warning] No further splits with positive gain, best gain: -inf
2026-07-09 23:19:57,641:INFO:[LightGBM] [Warning] No further splits with positive gain, best gain: -inf
2026-07-09 23:19:57,642:INFO:[LightGBM] [Warning] No further splits with positive gain, best gain: -inf
2026-07-09 23:19:57,642:INFO:[LightGBM] [Warning] No further splits with positive gain, best gain: -inf
2026-07-09 23:19:57,642:INFO:[LightGBM] [Warning] No further splits with positive gain, best gain: -inf
2026-07-09 23:19:57,643:INFO:[LightGBM] [Warning] No further splits with positive gain, best gain: -inf
2026-07-09 23:19:57,643:INFO:[LightGBM] [Warning] No further splits with positive gain, best gain: -inf
2026-07-09 23:19:57,644:INFO:[LightGBM] [Warning] No further splits with positive gain, best gain: -inf
2026-07-09 23:19:57,644:INFO:[LightGBM] [Warning] No further splits with positive gain, best gain: -inf
2026-07-09 23:19:57,645:INFO:[LightGBM] [Warning] No further splits with positive gain, best gain: -inf
2026-07-09 23:19:57,645:INFO:[LightGBM] [Warning] No further splits with positive gain, best gain: -inf
2026-07-09 23:19:57,646:INFO:[LightGBM] [Warning] No further splits with positive gain, best gain: -inf
2026-07-09 23:19:57,646:INFO:[LightGBM] [Warning] No further splits with positive gain, best gain: -inf
2026-07-09 23:19:57,647:INFO:[LightGBM] [Warning] No further splits with positive gain, best gain: -inf
2026-07-09 23:19:57,647:INFO:[LightGBM] [Warning] No further splits with positive gain, best gain: -inf
2026-07-09 23:19:57,647:INFO:[LightGBM] [Warning] No further splits with positive gain, best gain: -inf
2026-07-09 23:19:57,648:INFO:[LightGBM] [Warning] No further splits with positive gain, best gain: -inf
2026-07-09 23:19:57,648:INFO:[LightGBM] [Warning] No further splits with positive gain, best gain: -inf
2026-07-09 23:19:57,649:INFO:[LightGBM] [Warning] No further splits with positive gain, best gain: -inf
2026-07-09 23:19:57,649:INFO:[LightGBM] [Warning] No further splits with positive gain, best gain: -inf
2026-07-09 23:19:57,650:INFO:[LightGBM] [Warning] No further splits with positive gain, best gain: -inf
2026-07-09 23:19:57,650:INFO:[LightGBM] [Warning] No further splits with positive gain, best gain: -inf
2026-07-09 23:19:57,651:INFO:[LightGBM] [Warning] No further splits with positive gain, best gain: -inf
2026-07-09 23:19:57,651:INFO:[LightGBM] [Warning] No further splits with positive gain, best gain: -inf
2026-07-09 23:19:57,652:INFO:[LightGBM] [Warning] No further splits with positive gain, best gain: -inf
2026-07-09 23:19:57,652:INFO:[LightGBM] [Warning] No further splits with positive gain, best gain: -inf
2026-07-09 23:19:57,652:INFO:[LightGBM] [Warning] No further splits with positive gain, best gain: -inf
2026-07-09 23:19:57,653:INFO:[LightGBM] [Warning] No further splits with positive gain, best gain: -inf
2026-07-09 23:19:57,653:INFO:[LightGBM] [Warning] No further splits with positive gain, best gain: -inf
2026-07-09 23:19:57,654:INFO:[LightGBM] [Warning] No further splits with positive gain, best gain: -inf
2026-07-09 23:19:57,654:INFO:[LightGBM] [Warning] No further splits with positive gain, best gain: -inf
2026-07-09 23:19:57,655:INFO:[LightGBM] [Warning] No further splits with positive gain, best gain: -inf
2026-07-09 23:19:57,655:INFO:[LightGBM] [Warning] No further splits with positive gain, best gain: -inf
2026-07-09 23:19:57,656:INFO:[LightGBM] [Warning] No further splits with positive gain, best gain: -inf
2026-07-09 23:19:57,656:INFO:[LightGBM] [Warning] No further splits with positive gain, best gain: -inf
2026-07-09 23:19:57,657:INFO:[LightGBM] [Warning] No further splits with positive gain, best gain: -inf
2026-07-09 23:19:57,657:INFO:[LightGBM] [Warning] No further splits with positive gain, best gain: -inf
2026-07-09 23:19:57,658:INFO:[LightGBM] [Warning] No further splits with positive gain, best gain: -inf
2026-07-09 23:19:57,659:INFO:[LightGBM] [Warning] No further splits with positive gain, best gain: -inf
2026-07-09 23:19:57,659:INFO:[LightGBM] [Warning] No further splits with positive gain, best gain: -inf
2026-07-09 23:19:57,660:INFO:[LightGBM] [Warning] No further splits with positive gain, best gain: -inf
2026-07-09 23:19:57,660:INFO:[LightGBM] [Warning] No further splits with positive gain, best gain: -inf
2026-07-09 23:19:57,661:INFO:[LightGBM] [Warning] No further splits with positive gain, best gain: -inf
2026-07-09 23:19:57,661:INFO:[LightGBM] [Warning] No further splits with positive gain, best gain: -inf
2026-07-09 23:19:57,662:INFO:[LightGBM] [Warning] No further splits with positive gain, best gain: -inf
2026-07-09 23:19:57,663:INFO:[LightGBM] [Warning] No further splits with positive gain, best gain: -inf
2026-07-09 23:19:57,663:INFO:[LightGBM] [Warning] No further splits with positive gain, best gain: -inf
2026-07-09 23:19:57,664:INFO:[LightGBM] [Warning] No further splits with positive gain, best gain: -inf
2026-07-09 23:19:57,664:INFO:[LightGBM] [Warning] No further splits with positive gain, best gain: -inf
2026-07-09 23:19:57,665:INFO:[LightGBM] [Warning] No further splits with positive gain, best gain: -inf
2026-07-09 23:19:57,665:INFO:[LightGBM] [Warning] No further splits with positive gain, best gain: -inf
2026-07-09 23:19:57,666:INFO:[LightGBM] [Warning] No further splits with positive gain, best gain: -inf
2026-07-09 23:19:57,666:INFO:[LightGBM] [Warning] No further splits with positive gain, best gain: -inf
2026-07-09 23:19:57,667:INFO:[LightGBM] [Warning] No further splits with positive gain, best gain: -inf
2026-07-09 23:19:57,667:INFO:[LightGBM] [Warning] No further splits with positive gain, best gain: -inf
2026-07-09 23:19:57,668:INFO:[LightGBM] [Warning] No further splits with positive gain, best gain: -inf
2026-07-09 23:19:57,668:INFO:[LightGBM] [Warning] No further splits with positive gain, best gain: -inf
2026-07-09 23:19:57,669:INFO:[LightGBM] [Warning] No further splits with positive gain, best gain: -inf
2026-07-09 23:19:57,669:INFO:[LightGBM] [Warning] No further splits with positive gain, best gain: -inf
2026-07-09 23:19:57,670:INFO:[LightGBM] [Warning] No further splits with positive gain, best gain: -inf
2026-07-09 23:19:57,670:INFO:[LightGBM] [Warning] No further splits with positive gain, best gain: -inf
2026-07-09 23:19:57,671:INFO:[LightGBM] [Warning] No further splits with positive gain, best gain: -inf
2026-07-09 23:19:57,671:INFO:[LightGBM] [Warning] No further splits with positive gain, best gain: -inf
2026-07-09 23:19:57,673:INFO:LGBMClassifier(boosting_type='gbdt', class_weight=None, colsample_bytree=1.0,
               importance_type='split', learning_rate=0.1, max_depth=-1,
               min_child_samples=20, min_child_weight=0.001, min_split_gain=0.0,
               n_estimators=100, n_jobs=-1, num_leaves=31, objective=None,
               random_state=42, reg_alpha=0.0, reg_lambda=0.0, subsample=1.0,
               subsample_for_bin=200000, subsample_freq=0)
2026-07-09 23:19:57,673:INFO:create_model() successfully completed......................................
2026-07-09 23:19:57,706:INFO:_master_model_container: 14
2026-07-09 23:19:57,706:INFO:_display_container: 2
2026-07-09 23:19:57,707:INFO:LGBMClassifier(boosting_type='gbdt', class_weight=None, colsample_bytree=1.0,
               importance_type='split', learning_rate=0.1, max_depth=-1,
               min_child_samples=20, min_child_weight=0.001, min_split_gain=0.0,
               n_estimators=100, n_jobs=-1, num_leaves=31, objective=None,
               random_state=42, reg_alpha=0.0, reg_lambda=0.0, subsample=1.0,
               subsample_for_bin=200000, subsample_freq=0)
2026-07-09 23:19:57,707:INFO:compare_models() successfully completed......................................
2026-07-09 23:19:57,709:INFO:Initializing save_model()
2026-07-09 23:19:57,709:INFO:save_model(model=LGBMClassifier(boosting_type='gbdt', class_weight=None, colsample_bytree=1.0,
               importance_type='split', learning_rate=0.1, max_depth=-1,
               min_child_samples=20, min_child_weight=0.001, min_split_gain=0.0,
               n_estimators=100, n_jobs=-1, num_leaves=31, objective=None,
               random_state=42, reg_alpha=0.0, reg_lambda=0.0, subsample=1.0,
               subsample_for_bin=200000, subsample_freq=0), model_name=../model/pd_model, prep_pipe_=Pipeline(memory=FastMemory(location=/var/folders/9y/zsg6jz5j65v3gp5d4hjpwlhh0000gn/T/joblib),
         steps=[('numerical_imputer',
                 TransformerWrapper(exclude=None,
                                    include=['MDVP:Fo(Hz)', 'MDVP:Fhi(Hz)',
                                             'MDVP:Flo(Hz)', 'MDVP:Jitter(%)',
                                             'MDVP:Jitter(Abs)', 'MDVP:RAP',
                                             'MDVP:PPQ', 'Jitter:DDP',
                                             'MDVP:Shimmer', 'MDVP:Shimmer(dB)',
                                             'Shimmer:APQ3', 'Shimmer:APQ5',
                                             'MDVP:APQ...
                ('categorical_imputer',
                 TransformerWrapper(exclude=None, include=[],
                                    transformer=SimpleImputer(add_indicator=False,
                                                              copy=True,
                                                              fill_value=None,
                                                              keep_empty_features=False,
                                                              missing_values=nan,
                                                              strategy='most_frequent'))),
                ('clean_column_names',
                 TransformerWrapper(exclude=None, include=None,
                                    transformer=CleanColumnNames(match='[\\]\\[\\,\\{\\}\\"\\:]+')))],
         verbose=False), verbose=True, use_case=MLUsecase.CLASSIFICATION, kwargs={})
2026-07-09 23:19:57,709:INFO:Adding model into prep_pipe
2026-07-09 23:19:57,713:INFO:../model/pd_model.pkl saved in current working directory
2026-07-09 23:19:57,717:INFO:Pipeline(memory=Memory(location=None),
         steps=[('numerical_imputer',
                 TransformerWrapper(exclude=None,
                                    include=['MDVP:Fo(Hz)', 'MDVP:Fhi(Hz)',
                                             'MDVP:Flo(Hz)', 'MDVP:Jitter(%)',
                                             'MDVP:Jitter(Abs)', 'MDVP:RAP',
                                             'MDVP:PPQ', 'Jitter:DDP',
                                             'MDVP:Shimmer', 'MDVP:Shimmer(dB)',
                                             'Shimmer:APQ3', 'Shimmer:APQ5',
                                             'MDVP:APQ', 'Shimmer:DDA', 'NHR',
                                             'HNR', 'RPDE', 'DFA', 'spread1',
                                             'spr...
                 LGBMClassifier(boosting_type='gbdt', class_weight=None,
                                colsample_bytree=1.0, importance_type='split',
                                learning_rate=0.1, max_depth=-1,
                                min_child_samples=20, min_child_weight=0.001,
                                min_split_gain=0.0, n_estimators=100, n_jobs=-1,
                                num_leaves=31, objective=None, random_state=42,
                                reg_alpha=0.0, reg_lambda=0.0, subsample=1.0,
                                subsample_for_bin=200000, subsample_freq=0))],
         verbose=False)
2026-07-09 23:19:57,717:INFO:save_model() successfully completed......................................
